  Building Custom Rule X:/DELTA/TestResearch/clang+llvm-18.1.5-x86_64-pc-windows-msvc/ollvm-rust/ollvm-pass/obfuscation/CMakeLists.txt
  CryptoUtils.cpp
  Utils.cpp
X:\DELTA\TestResearch\clang+llvm-18.1.5-x86_64-pc-windows-msvc\clang+llvm-18.1.5-x86_64-pc-windows-msvc\include\llvm\IR\Operator.h(75,7): warning C4624: 'llvm::OverflowingBinaryOperator': destructor was implicitly defined as deleted
X:\DELTA\TestResearch\clang+llvm-18.1.5-x86_64-pc-windows-msvc\clang+llvm-18.1.5-x86_64-pc-windows-msvc\include\llvm\IR\Operator.h(129,7): warning C4624: 'llvm::PossiblyExactOperator': destructor was implicitly defined as deleted
X:\DELTA\TestResearch\clang+llvm-18.1.5-x86_64-pc-windows-msvc\clang+llvm-18.1.5-x86_64-pc-windows-msvc\include\llvm\IR\Operator.h(170,7): warning C4624: 'llvm::FPMathOperator': destructor was implicitly defined as deleted
X:\DELTA\TestResearch\clang+llvm-18.1.5-x86_64-pc-windows-msvc\clang+llvm-18.1.5-x86_64-pc-windows-msvc\include\llvm\IR\Operator.h(336,7): warning C4624: 'llvm::ConcreteOperator<llvm::OverflowingBinaryOperator,13>': destructor was implicitly defined as deleted
X:\DELTA\TestResearch\clang+llvm-18.1.5-x86_64-pc-windows-msvc\clang+llvm-18.1.5-x86_64-pc-windows-msvc\include\llvm\IR\Operator.h(350,7): warning C4624: 'llvm::AddOperator': destructor was implicitly defined as deleted
X:\DELTA\TestResearch\clang+llvm-18.1.5-x86_64-pc-windows-msvc\clang+llvm-18.1.5-x86_64-pc-windows-msvc\include\llvm\IR\Operator.h(336,7): warning C4624: 'llvm::ConcreteOperator<llvm::OverflowingBinaryOperator,15>': destructor was implicitly defined as deleted
X:\DELTA\TestResearch\clang+llvm-18.1.5-x86_64-pc-windows-msvc\clang+llvm-18.1.5-x86_64-pc-windows-msvc\include\llvm\IR\Operator.h(353,7): warning C4624: 'llvm::SubOperator': destructor was implicitly defined as deleted
X:\DELTA\TestResearch\clang+llvm-18.1.5-x86_64-pc-windows-msvc\clang+llvm-18.1.5-x86_64-pc-windows-msvc\include\llvm\IR\Operator.h(336,7): warning C4624: 'llvm::ConcreteOperator<llvm::OverflowingBinaryOperator,17>': destructor was implicitly defined as deleted
X:\DELTA\TestResearch\clang+llvm-18.1.5-x86_64-pc-windows-msvc\clang+llvm-18.1.5-x86_64-pc-windows-msvc\include\llvm\IR\Operator.h(356,7): warning C4624: 'llvm::MulOperator': destructor was implicitly defined as deleted
X:\DELTA\TestResearch\clang+llvm-18.1.5-x86_64-pc-windows-msvc\clang+llvm-18.1.5-x86_64-pc-windows-msvc\include\llvm\IR\Operator.h(336,7): warning C4624: 'llvm::ConcreteOperator<llvm::OverflowingBinaryOperator,25>': destructor was implicitly defined as deleted
X:\DELTA\TestResearch\clang+llvm-18.1.5-x86_64-pc-windows-msvc\clang+llvm-18.1.5-x86_64-pc-windows-msvc\include\llvm\IR\Operator.h(359,7): warning C4624: 'llvm::ShlOperator': destructor was implicitly defined as deleted
X:\DELTA\TestResearch\clang+llvm-18.1.5-x86_64-pc-windows-msvc\clang+llvm-18.1.5-x86_64-pc-windows-msvc\include\llvm\IR\Operator.h(336,7): warning C4624: 'llvm::ConcreteOperator<llvm::PossiblyExactOperator,27>': destructor was implicitly defined as deleted
X:\DELTA\TestResearch\clang+llvm-18.1.5-x86_64-pc-windows-msvc\clang+llvm-18.1.5-x86_64-pc-windows-msvc\include\llvm\IR\Operator.h(363,7): warning C4624: 'llvm::AShrOperator': destructor was implicitly defined as deleted
X:\DELTA\TestResearch\clang+llvm-18.1.5-x86_64-pc-windows-msvc\clang+llvm-18.1.5-x86_64-pc-windows-msvc\include\llvm\IR\Operator.h(336,7): warning C4624: 'llvm::ConcreteOperator<llvm::PossiblyExactOperator,26>': destructor was implicitly defined as deleted
X:\DELTA\TestResearch\clang+llvm-18.1.5-x86_64-pc-windows-msvc\clang+llvm-18.1.5-x86_64-pc-windows-msvc\include\llvm\IR\Operator.h(366,7): warning C4624: 'llvm::LShrOperator': destructor was implicitly defined as deleted
X:\DELTA\TestResearch\clang+llvm-18.1.5-x86_64-pc-windows-msvc\clang+llvm-18.1.5-x86_64-pc-windows-msvc\include\llvm\IR\Operator.h(336,7): warning C4624: 'llvm::ConcreteOperator<llvm::Operator,34>': destructor was implicitly defined as deleted
X:\DELTA\TestResearch\clang+llvm-18.1.5-x86_64-pc-windows-msvc\clang+llvm-18.1.5-x86_64-pc-windows-msvc\include\llvm\IR\Operator.h(370,7): warning C4624: 'llvm::GEPOperator': destructor was implicitly defined as deleted
X:\DELTA\TestResearch\clang+llvm-18.1.5-x86_64-pc-windows-msvc\clang+llvm-18.1.5-x86_64-pc-windows-msvc\include\llvm\IR\Operator.h(336,7): warning C4624: 'llvm::ConcreteOperator<llvm::Operator,47>': destructor was implicitly defined as deleted
X:\DELTA\TestResearch\clang+llvm-18.1.5-x86_64-pc-windows-msvc\clang+llvm-18.1.5-x86_64-pc-windows-msvc\include\llvm\IR\Operator.h(509,7): warning C4624: 'llvm::PtrToIntOperator': destructor was implicitly defined as deleted
X:\DELTA\TestResearch\clang+llvm-18.1.5-x86_64-pc-windows-msvc\clang+llvm-18.1.5-x86_64-pc-windows-msvc\include\llvm\IR\Operator.h(336,7): warning C4624: 'llvm::ConcreteOperator<llvm::Operator,49>': destructor was implicitly defined as deleted
X:\DELTA\TestResearch\clang+llvm-18.1.5-x86_64-pc-windows-msvc\clang+llvm-18.1.5-x86_64-pc-windows-msvc\include\llvm\IR\Operator.h(537,7): warning C4624: 'llvm::BitCastOperator': destructor was implicitly defined as deleted
X:\DELTA\TestResearch\clang+llvm-18.1.5-x86_64-pc-windows-msvc\clang+llvm-18.1.5-x86_64-pc-windows-msvc\include\llvm\IR\Operator.h(336,7): warning C4624: 'llvm::ConcreteOperator<llvm::Operator,50>': destructor was implicitly defined as deleted
X:\DELTA\TestResearch\clang+llvm-18.1.5-x86_64-pc-windows-msvc\clang+llvm-18.1.5-x86_64-pc-windows-msvc\include\llvm\IR\Operator.h(552,7): warning C4624: 'llvm::AddrSpaceCastOperator': destructor was implicitly defined as deleted
  ObfuscationPassManager.cpp
X:\DELTA\TestResearch\clang+llvm-18.1.5-x86_64-pc-windows-msvc\clang+llvm-18.1.5-x86_64-pc-windows-msvc\include\llvm\IR\Operator.h(75,7): warning C4624: 'llvm::OverflowingBinaryOperator': destructor was implicitly defined as deleted
X:\DELTA\TestResearch\clang+llvm-18.1.5-x86_64-pc-windows-msvc\clang+llvm-18.1.5-x86_64-pc-windows-msvc\include\llvm\IR\Operator.h(129,7): warning C4624: 'llvm::PossiblyExactOperator': destructor was implicitly defined as deleted
X:\DELTA\TestResearch\clang+llvm-18.1.5-x86_64-pc-windows-msvc\clang+llvm-18.1.5-x86_64-pc-windows-msvc\include\llvm\IR\Operator.h(170,7): warning C4624: 'llvm::FPMathOperator': destructor was implicitly defined as deleted
X:\DELTA\TestResearch\clang+llvm-18.1.5-x86_64-pc-windows-msvc\clang+llvm-18.1.5-x86_64-pc-windows-msvc\include\llvm\IR\Operator.h(336,7): warning C4624: 'llvm::ConcreteOperator<llvm::OverflowingBinaryOperator,13>': destructor was implicitly defined as deleted
X:\DELTA\TestResearch\clang+llvm-18.1.5-x86_64-pc-windows-msvc\clang+llvm-18.1.5-x86_64-pc-windows-msvc\include\llvm\IR\Operator.h(350,7): warning C4624: 'llvm::AddOperator': destructor was implicitly defined as deleted
X:\DELTA\TestResearch\clang+llvm-18.1.5-x86_64-pc-windows-msvc\clang+llvm-18.1.5-x86_64-pc-windows-msvc\include\llvm\IR\Operator.h(336,7): warning C4624: 'llvm::ConcreteOperator<llvm::OverflowingBinaryOperator,15>': destructor was implicitly defined as deleted
X:\DELTA\TestResearch\clang+llvm-18.1.5-x86_64-pc-windows-msvc\clang+llvm-18.1.5-x86_64-pc-windows-msvc\include\llvm\IR\Operator.h(353,7): warning C4624: 'llvm::SubOperator': destructor was implicitly defined as deleted
X:\DELTA\TestResearch\clang+llvm-18.1.5-x86_64-pc-windows-msvc\clang+llvm-18.1.5-x86_64-pc-windows-msvc\include\llvm\IR\Operator.h(336,7): warning C4624: 'llvm::ConcreteOperator<llvm::OverflowingBinaryOperator,17>': destructor was implicitly defined as deleted
X:\DELTA\TestResearch\clang+llvm-18.1.5-x86_64-pc-windows-msvc\clang+llvm-18.1.5-x86_64-pc-windows-msvc\include\llvm\IR\Operator.h(356,7): warning C4624: 'llvm::MulOperator': destructor was implicitly defined as deleted
X:\DELTA\TestResearch\clang+llvm-18.1.5-x86_64-pc-windows-msvc\clang+llvm-18.1.5-x86_64-pc-windows-msvc\include\llvm\IR\Operator.h(336,7): warning C4624: 'llvm::ConcreteOperator<llvm::OverflowingBinaryOperator,25>': destructor was implicitly defined as deleted
X:\DELTA\TestResearch\clang+llvm-18.1.5-x86_64-pc-windows-msvc\clang+llvm-18.1.5-x86_64-pc-windows-msvc\include\llvm\IR\Operator.h(359,7): warning C4624: 'llvm::ShlOperator': destructor was implicitly defined as deleted
X:\DELTA\TestResearch\clang+llvm-18.1.5-x86_64-pc-windows-msvc\clang+llvm-18.1.5-x86_64-pc-windows-msvc\include\llvm\IR\Operator.h(336,7): warning C4624: 'llvm::ConcreteOperator<llvm::PossiblyExactOperator,27>': destructor was implicitly defined as deleted
X:\DELTA\TestResearch\clang+llvm-18.1.5-x86_64-pc-windows-msvc\clang+llvm-18.1.5-x86_64-pc-windows-msvc\include\llvm\IR\Operator.h(363,7): warning C4624: 'llvm::AShrOperator': destructor was implicitly defined as deleted
X:\DELTA\TestResearch\clang+llvm-18.1.5-x86_64-pc-windows-msvc\clang+llvm-18.1.5-x86_64-pc-windows-msvc\include\llvm\IR\Operator.h(336,7): warning C4624: 'llvm::ConcreteOperator<llvm::PossiblyExactOperator,26>': destructor was implicitly defined as deleted
X:\DELTA\TestResearch\clang+llvm-18.1.5-x86_64-pc-windows-msvc\clang+llvm-18.1.5-x86_64-pc-windows-msvc\include\llvm\IR\Operator.h(366,7): warning C4624: 'llvm::LShrOperator': destructor was implicitly defined as deleted
X:\DELTA\TestResearch\clang+llvm-18.1.5-x86_64-pc-windows-msvc\clang+llvm-18.1.5-x86_64-pc-windows-msvc\include\llvm\IR\Operator.h(336,7): warning C4624: 'llvm::ConcreteOperator<llvm::Operator,34>': destructor was implicitly defined as deleted
X:\DELTA\TestResearch\clang+llvm-18.1.5-x86_64-pc-windows-msvc\clang+llvm-18.1.5-x86_64-pc-windows-msvc\include\llvm\IR\Operator.h(370,7): warning C4624: 'llvm::GEPOperator': destructor was implicitly defined as deleted
X:\DELTA\TestResearch\clang+llvm-18.1.5-x86_64-pc-windows-msvc\clang+llvm-18.1.5-x86_64-pc-windows-msvc\include\llvm\IR\Operator.h(336,7): warning C4624: 'llvm::ConcreteOperator<llvm::Operator,47>': destructor was implicitly defined as deleted
X:\DELTA\TestResearch\clang+llvm-18.1.5-x86_64-pc-windows-msvc\clang+llvm-18.1.5-x86_64-pc-windows-msvc\include\llvm\IR\Operator.h(509,7): warning C4624: 'llvm::PtrToIntOperator': destructor was implicitly defined as deleted
X:\DELTA\TestResearch\clang+llvm-18.1.5-x86_64-pc-windows-msvc\clang+llvm-18.1.5-x86_64-pc-windows-msvc\include\llvm\IR\Operator.h(336,7): warning C4624: 'llvm::ConcreteOperator<llvm::Operator,49>': destructor was implicitly defined as deleted
X:\DELTA\TestResearch\clang+llvm-18.1.5-x86_64-pc-windows-msvc\clang+llvm-18.1.5-x86_64-pc-windows-msvc\include\llvm\IR\Operator.h(537,7): warning C4624: 'llvm::BitCastOperator': destructor was implicitly defined as deleted
X:\DELTA\TestResearch\clang+llvm-18.1.5-x86_64-pc-windows-msvc\clang+llvm-18.1.5-x86_64-pc-windows-msvc\include\llvm\IR\Operator.h(336,7): warning C4624: 'llvm::ConcreteOperator<llvm::Operator,50>': destructor was implicitly defined as deleted
X:\DELTA\TestResearch\clang+llvm-18.1.5-x86_64-pc-windows-msvc\clang+llvm-18.1.5-x86_64-pc-windows-msvc\include\llvm\IR\Operator.h(552,7): warning C4624: 'llvm::AddrSpaceCastOperator': destructor was implicitly defined as deleted
C:\Program Files\Microsoft Visual Studio\2022\Community\VC\Tools\MSVC\14.40.33807\include\optional(82,17): warning C4244: 'initializing': conversion from 'T' to 'double', possible loss of data
C:\Program Files\Microsoft Visual Studio\2022\Community\VC\Tools\MSVC\14.40.33807\include\optional(82,17): warning C4244:         with
C:\Program Files\Microsoft Visual Studio\2022\Community\VC\Tools\MSVC\14.40.33807\include\optional(82,17): warning C4244:         [
C:\Program Files\Microsoft Visual Studio\2022\Community\VC\Tools\MSVC\14.40.33807\include\optional(82,17): warning C4244:             T=int64_t
C:\Program Files\Microsoft Visual Studio\2022\Community\VC\Tools\MSVC\14.40.33807\include\optional(82,17): warning C4244:         ]
C:\Program Files\Microsoft Visual Studio\2022\Community\VC\Tools\MSVC\14.40.33807\include\optional(82,17): warning C4244: 'initializing': conversion from 'uint64_t' to 'double', possible loss of data
C:\Program Files\Microsoft Visual Studio\2022\Community\VC\Tools\MSVC\14.40.33807\include\optional(82,17): warning C4244: 'initializing': conversion from '_Ty' to '__int64', possible loss of data
C:\Program Files\Microsoft Visual Studio\2022\Community\VC\Tools\MSVC\14.40.33807\include\optional(82,17): warning C4244:         with
C:\Program Files\Microsoft Visual Studio\2022\Community\VC\Tools\MSVC\14.40.33807\include\optional(82,17): warning C4244:         [
C:\Program Files\Microsoft Visual Studio\2022\Community\VC\Tools\MSVC\14.40.33807\include\optional(82,17): warning C4244:             _Ty=double
C:\Program Files\Microsoft Visual Studio\2022\Community\VC\Tools\MSVC\14.40.33807\include\optional(82,17): warning C4244:         ]
  ObfuscationOptions.cpp
  IndirectBranch.cpp
X:\DELTA\TestResearch\clang+llvm-18.1.5-x86_64-pc-windows-msvc\clang+llvm-18.1.5-x86_64-pc-windows-msvc\include\llvm\IR\Operator.h(75,7): warning C4624: 'llvm::OverflowingBinaryOperator': destructor was implicitly defined as deleted
X:\DELTA\TestResearch\clang+llvm-18.1.5-x86_64-pc-windows-msvc\clang+llvm-18.1.5-x86_64-pc-windows-msvc\include\llvm\IR\Operator.h(129,7): warning C4624: 'llvm::PossiblyExactOperator': destructor was implicitly defined as deleted
X:\DELTA\TestResearch\clang+llvm-18.1.5-x86_64-pc-windows-msvc\clang+llvm-18.1.5-x86_64-pc-windows-msvc\include\llvm\IR\Operator.h(170,7): warning C4624: 'llvm::FPMathOperator': destructor was implicitly defined as deleted
X:\DELTA\TestResearch\clang+llvm-18.1.5-x86_64-pc-windows-msvc\clang+llvm-18.1.5-x86_64-pc-windows-msvc\include\llvm\IR\Operator.h(336,7): warning C4624: 'llvm::ConcreteOperator<llvm::OverflowingBinaryOperator,13>': destructor was implicitly defined as deleted
X:\DELTA\TestResearch\clang+llvm-18.1.5-x86_64-pc-windows-msvc\clang+llvm-18.1.5-x86_64-pc-windows-msvc\include\llvm\IR\Operator.h(350,7): warning C4624: 'llvm::AddOperator': destructor was implicitly defined as deleted
X:\DELTA\TestResearch\clang+llvm-18.1.5-x86_64-pc-windows-msvc\clang+llvm-18.1.5-x86_64-pc-windows-msvc\include\llvm\IR\Operator.h(336,7): warning C4624: 'llvm::ConcreteOperator<llvm::OverflowingBinaryOperator,15>': destructor was implicitly defined as deleted
X:\DELTA\TestResearch\clang+llvm-18.1.5-x86_64-pc-windows-msvc\clang+llvm-18.1.5-x86_64-pc-windows-msvc\include\llvm\IR\Operator.h(353,7): warning C4624: 'llvm::SubOperator': destructor was implicitly defined as deleted
X:\DELTA\TestResearch\clang+llvm-18.1.5-x86_64-pc-windows-msvc\clang+llvm-18.1.5-x86_64-pc-windows-msvc\include\llvm\IR\Operator.h(336,7): warning C4624: 'llvm::ConcreteOperator<llvm::OverflowingBinaryOperator,17>': destructor was implicitly defined as deleted
X:\DELTA\TestResearch\clang+llvm-18.1.5-x86_64-pc-windows-msvc\clang+llvm-18.1.5-x86_64-pc-windows-msvc\include\llvm\IR\Operator.h(356,7): warning C4624: 'llvm::MulOperator': destructor was implicitly defined as deleted
X:\DELTA\TestResearch\clang+llvm-18.1.5-x86_64-pc-windows-msvc\clang+llvm-18.1.5-x86_64-pc-windows-msvc\include\llvm\IR\Operator.h(336,7): warning C4624: 'llvm::ConcreteOperator<llvm::OverflowingBinaryOperator,25>': destructor was implicitly defined as deleted
X:\DELTA\TestResearch\clang+llvm-18.1.5-x86_64-pc-windows-msvc\clang+llvm-18.1.5-x86_64-pc-windows-msvc\include\llvm\IR\Operator.h(359,7): warning C4624: 'llvm::ShlOperator': destructor was implicitly defined as deleted
X:\DELTA\TestResearch\clang+llvm-18.1.5-x86_64-pc-windows-msvc\clang+llvm-18.1.5-x86_64-pc-windows-msvc\include\llvm\IR\Operator.h(336,7): warning C4624: 'llvm::ConcreteOperator<llvm::PossiblyExactOperator,27>': destructor was implicitly defined as deleted
X:\DELTA\TestResearch\clang+llvm-18.1.5-x86_64-pc-windows-msvc\clang+llvm-18.1.5-x86_64-pc-windows-msvc\include\llvm\IR\Operator.h(363,7): warning C4624: 'llvm::AShrOperator': destructor was implicitly defined as deleted
X:\DELTA\TestResearch\clang+llvm-18.1.5-x86_64-pc-windows-msvc\clang+llvm-18.1.5-x86_64-pc-windows-msvc\include\llvm\IR\Operator.h(336,7): warning C4624: 'llvm::ConcreteOperator<llvm::PossiblyExactOperator,26>': destructor was implicitly defined as deleted
X:\DELTA\TestResearch\clang+llvm-18.1.5-x86_64-pc-windows-msvc\clang+llvm-18.1.5-x86_64-pc-windows-msvc\include\llvm\IR\Operator.h(366,7): warning C4624: 'llvm::LShrOperator': destructor was implicitly defined as deleted
X:\DELTA\TestResearch\clang+llvm-18.1.5-x86_64-pc-windows-msvc\clang+llvm-18.1.5-x86_64-pc-windows-msvc\include\llvm\IR\Operator.h(336,7): warning C4624: 'llvm::ConcreteOperator<llvm::Operator,34>': destructor was implicitly defined as deleted
X:\DELTA\TestResearch\clang+llvm-18.1.5-x86_64-pc-windows-msvc\clang+llvm-18.1.5-x86_64-pc-windows-msvc\include\llvm\IR\Operator.h(370,7): warning C4624: 'llvm::GEPOperator': destructor was implicitly defined as deleted
X:\DELTA\TestResearch\clang+llvm-18.1.5-x86_64-pc-windows-msvc\clang+llvm-18.1.5-x86_64-pc-windows-msvc\include\llvm\IR\Operator.h(336,7): warning C4624: 'llvm::ConcreteOperator<llvm::Operator,47>': destructor was implicitly defined as deleted
X:\DELTA\TestResearch\clang+llvm-18.1.5-x86_64-pc-windows-msvc\clang+llvm-18.1.5-x86_64-pc-windows-msvc\include\llvm\IR\Operator.h(509,7): warning C4624: 'llvm::PtrToIntOperator': destructor was implicitly defined as deleted
X:\DELTA\TestResearch\clang+llvm-18.1.5-x86_64-pc-windows-msvc\clang+llvm-18.1.5-x86_64-pc-windows-msvc\include\llvm\IR\Operator.h(336,7): warning C4624: 'llvm::ConcreteOperator<llvm::Operator,49>': destructor was implicitly defined as deleted
X:\DELTA\TestResearch\clang+llvm-18.1.5-x86_64-pc-windows-msvc\clang+llvm-18.1.5-x86_64-pc-windows-msvc\include\llvm\IR\Operator.h(537,7): warning C4624: 'llvm::BitCastOperator': destructor was implicitly defined as deleted
X:\DELTA\TestResearch\clang+llvm-18.1.5-x86_64-pc-windows-msvc\clang+llvm-18.1.5-x86_64-pc-windows-msvc\include\llvm\IR\Operator.h(336,7): warning C4624: 'llvm::ConcreteOperator<llvm::Operator,50>': destructor was implicitly defined as deleted
X:\DELTA\TestResearch\clang+llvm-18.1.5-x86_64-pc-windows-msvc\clang+llvm-18.1.5-x86_64-pc-windows-msvc\include\llvm\IR\Operator.h(552,7): warning C4624: 'llvm::AddrSpaceCastOperator': destructor was implicitly defined as deleted
  IndirectCall.cpp
X:\DELTA\TestResearch\clang+llvm-18.1.5-x86_64-pc-windows-msvc\clang+llvm-18.1.5-x86_64-pc-windows-msvc\include\llvm\IR\Operator.h(75,7): warning C4624: 'llvm::OverflowingBinaryOperator': destructor was implicitly defined as deleted
X:\DELTA\TestResearch\clang+llvm-18.1.5-x86_64-pc-windows-msvc\clang+llvm-18.1.5-x86_64-pc-windows-msvc\include\llvm\IR\Operator.h(129,7): warning C4624: 'llvm::PossiblyExactOperator': destructor was implicitly defined as deleted
X:\DELTA\TestResearch\clang+llvm-18.1.5-x86_64-pc-windows-msvc\clang+llvm-18.1.5-x86_64-pc-windows-msvc\include\llvm\IR\Operator.h(170,7): warning C4624: 'llvm::FPMathOperator': destructor was implicitly defined as deleted
X:\DELTA\TestResearch\clang+llvm-18.1.5-x86_64-pc-windows-msvc\clang+llvm-18.1.5-x86_64-pc-windows-msvc\include\llvm\IR\Operator.h(336,7): warning C4624: 'llvm::ConcreteOperator<llvm::OverflowingBinaryOperator,13>': destructor was implicitly defined as deleted
X:\DELTA\TestResearch\clang+llvm-18.1.5-x86_64-pc-windows-msvc\clang+llvm-18.1.5-x86_64-pc-windows-msvc\include\llvm\IR\Operator.h(350,7): warning C4624: 'llvm::AddOperator': destructor was implicitly defined as deleted
X:\DELTA\TestResearch\clang+llvm-18.1.5-x86_64-pc-windows-msvc\clang+llvm-18.1.5-x86_64-pc-windows-msvc\include\llvm\IR\Operator.h(336,7): warning C4624: 'llvm::ConcreteOperator<llvm::OverflowingBinaryOperator,15>': destructor was implicitly defined as deleted
X:\DELTA\TestResearch\clang+llvm-18.1.5-x86_64-pc-windows-msvc\clang+llvm-18.1.5-x86_64-pc-windows-msvc\include\llvm\IR\Operator.h(353,7): warning C4624: 'llvm::SubOperator': destructor was implicitly defined as deleted
X:\DELTA\TestResearch\clang+llvm-18.1.5-x86_64-pc-windows-msvc\clang+llvm-18.1.5-x86_64-pc-windows-msvc\include\llvm\IR\Operator.h(336,7): warning C4624: 'llvm::ConcreteOperator<llvm::OverflowingBinaryOperator,17>': destructor was implicitly defined as deleted
X:\DELTA\TestResearch\clang+llvm-18.1.5-x86_64-pc-windows-msvc\clang+llvm-18.1.5-x86_64-pc-windows-msvc\include\llvm\IR\Operator.h(356,7): warning C4624: 'llvm::MulOperator': destructor was implicitly defined as deleted
X:\DELTA\TestResearch\clang+llvm-18.1.5-x86_64-pc-windows-msvc\clang+llvm-18.1.5-x86_64-pc-windows-msvc\include\llvm\IR\Operator.h(336,7): warning C4624: 'llvm::ConcreteOperator<llvm::OverflowingBinaryOperator,25>': destructor was implicitly defined as deleted
X:\DELTA\TestResearch\clang+llvm-18.1.5-x86_64-pc-windows-msvc\clang+llvm-18.1.5-x86_64-pc-windows-msvc\include\llvm\IR\Operator.h(359,7): warning C4624: 'llvm::ShlOperator': destructor was implicitly defined as deleted
X:\DELTA\TestResearch\clang+llvm-18.1.5-x86_64-pc-windows-msvc\clang+llvm-18.1.5-x86_64-pc-windows-msvc\include\llvm\IR\Operator.h(336,7): warning C4624: 'llvm::ConcreteOperator<llvm::PossiblyExactOperator,27>': destructor was implicitly defined as deleted
X:\DELTA\TestResearch\clang+llvm-18.1.5-x86_64-pc-windows-msvc\clang+llvm-18.1.5-x86_64-pc-windows-msvc\include\llvm\IR\Operator.h(363,7): warning C4624: 'llvm::AShrOperator': destructor was implicitly defined as deleted
X:\DELTA\TestResearch\clang+llvm-18.1.5-x86_64-pc-windows-msvc\clang+llvm-18.1.5-x86_64-pc-windows-msvc\include\llvm\IR\Operator.h(336,7): warning C4624: 'llvm::ConcreteOperator<llvm::PossiblyExactOperator,26>': destructor was implicitly defined as deleted
X:\DELTA\TestResearch\clang+llvm-18.1.5-x86_64-pc-windows-msvc\clang+llvm-18.1.5-x86_64-pc-windows-msvc\include\llvm\IR\Operator.h(366,7): warning C4624: 'llvm::LShrOperator': destructor was implicitly defined as deleted
X:\DELTA\TestResearch\clang+llvm-18.1.5-x86_64-pc-windows-msvc\clang+llvm-18.1.5-x86_64-pc-windows-msvc\include\llvm\IR\Operator.h(336,7): warning C4624: 'llvm::ConcreteOperator<llvm::Operator,34>': destructor was implicitly defined as deleted
X:\DELTA\TestResearch\clang+llvm-18.1.5-x86_64-pc-windows-msvc\clang+llvm-18.1.5-x86_64-pc-windows-msvc\include\llvm\IR\Operator.h(370,7): warning C4624: 'llvm::GEPOperator': destructor was implicitly defined as deleted
X:\DELTA\TestResearch\clang+llvm-18.1.5-x86_64-pc-windows-msvc\clang+llvm-18.1.5-x86_64-pc-windows-msvc\include\llvm\IR\Operator.h(336,7): warning C4624: 'llvm::ConcreteOperator<llvm::Operator,47>': destructor was implicitly defined as deleted
X:\DELTA\TestResearch\clang+llvm-18.1.5-x86_64-pc-windows-msvc\clang+llvm-18.1.5-x86_64-pc-windows-msvc\include\llvm\IR\Operator.h(509,7): warning C4624: 'llvm::PtrToIntOperator': destructor was implicitly defined as deleted
X:\DELTA\TestResearch\clang+llvm-18.1.5-x86_64-pc-windows-msvc\clang+llvm-18.1.5-x86_64-pc-windows-msvc\include\llvm\IR\Operator.h(336,7): warning C4624: 'llvm::ConcreteOperator<llvm::Operator,49>': destructor was implicitly defined as deleted
X:\DELTA\TestResearch\clang+llvm-18.1.5-x86_64-pc-windows-msvc\clang+llvm-18.1.5-x86_64-pc-windows-msvc\include\llvm\IR\Operator.h(537,7): warning C4624: 'llvm::BitCastOperator': destructor was implicitly defined as deleted
X:\DELTA\TestResearch\clang+llvm-18.1.5-x86_64-pc-windows-msvc\clang+llvm-18.1.5-x86_64-pc-windows-msvc\include\llvm\IR\Operator.h(336,7): warning C4624: 'llvm::ConcreteOperator<llvm::Operator,50>': destructor was implicitly defined as deleted
X:\DELTA\TestResearch\clang+llvm-18.1.5-x86_64-pc-windows-msvc\clang+llvm-18.1.5-x86_64-pc-windows-msvc\include\llvm\IR\Operator.h(552,7): warning C4624: 'llvm::AddrSpaceCastOperator': destructor was implicitly defined as deleted
  IndirectGlobalVariable.cpp
X:\DELTA\TestResearch\clang+llvm-18.1.5-x86_64-pc-windows-msvc\clang+llvm-18.1.5-x86_64-pc-windows-msvc\include\llvm\IR\Operator.h(75,7): warning C4624: 'llvm::OverflowingBinaryOperator': destructor was implicitly defined as deleted
X:\DELTA\TestResearch\clang+llvm-18.1.5-x86_64-pc-windows-msvc\clang+llvm-18.1.5-x86_64-pc-windows-msvc\include\llvm\IR\Operator.h(129,7): warning C4624: 'llvm::PossiblyExactOperator': destructor was implicitly defined as deleted
X:\DELTA\TestResearch\clang+llvm-18.1.5-x86_64-pc-windows-msvc\clang+llvm-18.1.5-x86_64-pc-windows-msvc\include\llvm\IR\Operator.h(170,7): warning C4624: 'llvm::FPMathOperator': destructor was implicitly defined as deleted
X:\DELTA\TestResearch\clang+llvm-18.1.5-x86_64-pc-windows-msvc\clang+llvm-18.1.5-x86_64-pc-windows-msvc\include\llvm\IR\Operator.h(336,7): warning C4624: 'llvm::ConcreteOperator<llvm::OverflowingBinaryOperator,13>': destructor was implicitly defined as deleted
X:\DELTA\TestResearch\clang+llvm-18.1.5-x86_64-pc-windows-msvc\clang+llvm-18.1.5-x86_64-pc-windows-msvc\include\llvm\IR\Operator.h(350,7): warning C4624: 'llvm::AddOperator': destructor was implicitly defined as deleted
X:\DELTA\TestResearch\clang+llvm-18.1.5-x86_64-pc-windows-msvc\clang+llvm-18.1.5-x86_64-pc-windows-msvc\include\llvm\IR\Operator.h(336,7): warning C4624: 'llvm::ConcreteOperator<llvm::OverflowingBinaryOperator,15>': destructor was implicitly defined as deleted
X:\DELTA\TestResearch\clang+llvm-18.1.5-x86_64-pc-windows-msvc\clang+llvm-18.1.5-x86_64-pc-windows-msvc\include\llvm\IR\Operator.h(353,7): warning C4624: 'llvm::SubOperator': destructor was implicitly defined as deleted
X:\DELTA\TestResearch\clang+llvm-18.1.5-x86_64-pc-windows-msvc\clang+llvm-18.1.5-x86_64-pc-windows-msvc\include\llvm\IR\Operator.h(336,7): warning C4624: 'llvm::ConcreteOperator<llvm::OverflowingBinaryOperator,17>': destructor was implicitly defined as deleted
X:\DELTA\TestResearch\clang+llvm-18.1.5-x86_64-pc-windows-msvc\clang+llvm-18.1.5-x86_64-pc-windows-msvc\include\llvm\IR\Operator.h(356,7): warning C4624: 'llvm::MulOperator': destructor was implicitly defined as deleted
X:\DELTA\TestResearch\clang+llvm-18.1.5-x86_64-pc-windows-msvc\clang+llvm-18.1.5-x86_64-pc-windows-msvc\include\llvm\IR\Operator.h(336,7): warning C4624: 'llvm::ConcreteOperator<llvm::OverflowingBinaryOperator,25>': destructor was implicitly defined as deleted
X:\DELTA\TestResearch\clang+llvm-18.1.5-x86_64-pc-windows-msvc\clang+llvm-18.1.5-x86_64-pc-windows-msvc\include\llvm\IR\Operator.h(359,7): warning C4624: 'llvm::ShlOperator': destructor was implicitly defined as deleted
X:\DELTA\TestResearch\clang+llvm-18.1.5-x86_64-pc-windows-msvc\clang+llvm-18.1.5-x86_64-pc-windows-msvc\include\llvm\IR\Operator.h(336,7): warning C4624: 'llvm::ConcreteOperator<llvm::PossiblyExactOperator,27>': destructor was implicitly defined as deleted
X:\DELTA\TestResearch\clang+llvm-18.1.5-x86_64-pc-windows-msvc\clang+llvm-18.1.5-x86_64-pc-windows-msvc\include\llvm\IR\Operator.h(363,7): warning C4624: 'llvm::AShrOperator': destructor was implicitly defined as deleted
X:\DELTA\TestResearch\clang+llvm-18.1.5-x86_64-pc-windows-msvc\clang+llvm-18.1.5-x86_64-pc-windows-msvc\include\llvm\IR\Operator.h(336,7): warning C4624: 'llvm::ConcreteOperator<llvm::PossiblyExactOperator,26>': destructor was implicitly defined as deleted
X:\DELTA\TestResearch\clang+llvm-18.1.5-x86_64-pc-windows-msvc\clang+llvm-18.1.5-x86_64-pc-windows-msvc\include\llvm\IR\Operator.h(366,7): warning C4624: 'llvm::LShrOperator': destructor was implicitly defined as deleted
X:\DELTA\TestResearch\clang+llvm-18.1.5-x86_64-pc-windows-msvc\clang+llvm-18.1.5-x86_64-pc-windows-msvc\include\llvm\IR\Operator.h(336,7): warning C4624: 'llvm::ConcreteOperator<llvm::Operator,34>': destructor was implicitly defined as deleted
X:\DELTA\TestResearch\clang+llvm-18.1.5-x86_64-pc-windows-msvc\clang+llvm-18.1.5-x86_64-pc-windows-msvc\include\llvm\IR\Operator.h(370,7): warning C4624: 'llvm::GEPOperator': destructor was implicitly defined as deleted
X:\DELTA\TestResearch\clang+llvm-18.1.5-x86_64-pc-windows-msvc\clang+llvm-18.1.5-x86_64-pc-windows-msvc\include\llvm\IR\Operator.h(336,7): warning C4624: 'llvm::ConcreteOperator<llvm::Operator,47>': destructor was implicitly defined as deleted
X:\DELTA\TestResearch\clang+llvm-18.1.5-x86_64-pc-windows-msvc\clang+llvm-18.1.5-x86_64-pc-windows-msvc\include\llvm\IR\Operator.h(509,7): warning C4624: 'llvm::PtrToIntOperator': destructor was implicitly defined as deleted
X:\DELTA\TestResearch\clang+llvm-18.1.5-x86_64-pc-windows-msvc\clang+llvm-18.1.5-x86_64-pc-windows-msvc\include\llvm\IR\Operator.h(336,7): warning C4624: 'llvm::ConcreteOperator<llvm::Operator,49>': destructor was implicitly defined as deleted
X:\DELTA\TestResearch\clang+llvm-18.1.5-x86_64-pc-windows-msvc\clang+llvm-18.1.5-x86_64-pc-windows-msvc\include\llvm\IR\Operator.h(537,7): warning C4624: 'llvm::BitCastOperator': destructor was implicitly defined as deleted
X:\DELTA\TestResearch\clang+llvm-18.1.5-x86_64-pc-windows-msvc\clang+llvm-18.1.5-x86_64-pc-windows-msvc\include\llvm\IR\Operator.h(336,7): warning C4624: 'llvm::ConcreteOperator<llvm::Operator,50>': destructor was implicitly defined as deleted
X:\DELTA\TestResearch\clang+llvm-18.1.5-x86_64-pc-windows-msvc\clang+llvm-18.1.5-x86_64-pc-windows-msvc\include\llvm\IR\Operator.h(552,7): warning C4624: 'llvm::AddrSpaceCastOperator': destructor was implicitly defined as deleted
  Flattening.cpp
  StringEncryption.cpp
X:\DELTA\TestResearch\clang+llvm-18.1.5-x86_64-pc-windows-msvc\clang+llvm-18.1.5-x86_64-pc-windows-msvc\include\llvm\IR\Operator.h(75,7): warning C4624: 'llvm::OverflowingBinaryOperator': destructor was implicitly defined as deleted
X:\DELTA\TestResearch\clang+llvm-18.1.5-x86_64-pc-windows-msvc\clang+llvm-18.1.5-x86_64-pc-windows-msvc\include\llvm\IR\Operator.h(129,7): warning C4624: 'llvm::PossiblyExactOperator': destructor was implicitly defined as deleted
X:\DELTA\TestResearch\clang+llvm-18.1.5-x86_64-pc-windows-msvc\clang+llvm-18.1.5-x86_64-pc-windows-msvc\include\llvm\IR\Operator.h(170,7): warning C4624: 'llvm::FPMathOperator': destructor was implicitly defined as deleted
X:\DELTA\TestResearch\clang+llvm-18.1.5-x86_64-pc-windows-msvc\clang+llvm-18.1.5-x86_64-pc-windows-msvc\include\llvm\IR\Operator.h(336,7): warning C4624: 'llvm::ConcreteOperator<llvm::OverflowingBinaryOperator,13>': destructor was implicitly defined as deleted
X:\DELTA\TestResearch\clang+llvm-18.1.5-x86_64-pc-windows-msvc\clang+llvm-18.1.5-x86_64-pc-windows-msvc\include\llvm\IR\Operator.h(350,7): warning C4624: 'llvm::AddOperator': destructor was implicitly defined as deleted
X:\DELTA\TestResearch\clang+llvm-18.1.5-x86_64-pc-windows-msvc\clang+llvm-18.1.5-x86_64-pc-windows-msvc\include\llvm\IR\Operator.h(336,7): warning C4624: 'llvm::ConcreteOperator<llvm::OverflowingBinaryOperator,15>': destructor was implicitly defined as deleted
X:\DELTA\TestResearch\clang+llvm-18.1.5-x86_64-pc-windows-msvc\clang+llvm-18.1.5-x86_64-pc-windows-msvc\include\llvm\IR\Operator.h(353,7): warning C4624: 'llvm::SubOperator': destructor was implicitly defined as deleted
X:\DELTA\TestResearch\clang+llvm-18.1.5-x86_64-pc-windows-msvc\clang+llvm-18.1.5-x86_64-pc-windows-msvc\include\llvm\IR\Operator.h(336,7): warning C4624: 'llvm::ConcreteOperator<llvm::OverflowingBinaryOperator,17>': destructor was implicitly defined as deleted
X:\DELTA\TestResearch\clang+llvm-18.1.5-x86_64-pc-windows-msvc\clang+llvm-18.1.5-x86_64-pc-windows-msvc\include\llvm\IR\Operator.h(356,7): warning C4624: 'llvm::MulOperator': destructor was implicitly defined as deleted
X:\DELTA\TestResearch\clang+llvm-18.1.5-x86_64-pc-windows-msvc\clang+llvm-18.1.5-x86_64-pc-windows-msvc\include\llvm\IR\Operator.h(336,7): warning C4624: 'llvm::ConcreteOperator<llvm::OverflowingBinaryOperator,25>': destructor was implicitly defined as deleted
X:\DELTA\TestResearch\clang+llvm-18.1.5-x86_64-pc-windows-msvc\clang+llvm-18.1.5-x86_64-pc-windows-msvc\include\llvm\IR\Operator.h(359,7): warning C4624: 'llvm::ShlOperator': destructor was implicitly defined as deleted
X:\DELTA\TestResearch\clang+llvm-18.1.5-x86_64-pc-windows-msvc\clang+llvm-18.1.5-x86_64-pc-windows-msvc\include\llvm\IR\Operator.h(336,7): warning C4624: 'llvm::ConcreteOperator<llvm::PossiblyExactOperator,27>': destructor was implicitly defined as deleted
X:\DELTA\TestResearch\clang+llvm-18.1.5-x86_64-pc-windows-msvc\clang+llvm-18.1.5-x86_64-pc-windows-msvc\include\llvm\IR\Operator.h(363,7): warning C4624: 'llvm::AShrOperator': destructor was implicitly defined as deleted
X:\DELTA\TestResearch\clang+llvm-18.1.5-x86_64-pc-windows-msvc\clang+llvm-18.1.5-x86_64-pc-windows-msvc\include\llvm\IR\Operator.h(336,7): warning C4624: 'llvm::ConcreteOperator<llvm::PossiblyExactOperator,26>': destructor was implicitly defined as deleted
X:\DELTA\TestResearch\clang+llvm-18.1.5-x86_64-pc-windows-msvc\clang+llvm-18.1.5-x86_64-pc-windows-msvc\include\llvm\IR\Operator.h(366,7): warning C4624: 'llvm::LShrOperator': destructor was implicitly defined as deleted
X:\DELTA\TestResearch\clang+llvm-18.1.5-x86_64-pc-windows-msvc\clang+llvm-18.1.5-x86_64-pc-windows-msvc\include\llvm\IR\Operator.h(336,7): warning C4624: 'llvm::ConcreteOperator<llvm::Operator,34>': destructor was implicitly defined as deleted
X:\DELTA\TestResearch\clang+llvm-18.1.5-x86_64-pc-windows-msvc\clang+llvm-18.1.5-x86_64-pc-windows-msvc\include\llvm\IR\Operator.h(370,7): warning C4624: 'llvm::GEPOperator': destructor was implicitly defined as deleted
X:\DELTA\TestResearch\clang+llvm-18.1.5-x86_64-pc-windows-msvc\clang+llvm-18.1.5-x86_64-pc-windows-msvc\include\llvm\IR\Operator.h(336,7): warning C4624: 'llvm::ConcreteOperator<llvm::Operator,47>': destructor was implicitly defined as deleted
X:\DELTA\TestResearch\clang+llvm-18.1.5-x86_64-pc-windows-msvc\clang+llvm-18.1.5-x86_64-pc-windows-msvc\include\llvm\IR\Operator.h(509,7): warning C4624: 'llvm::PtrToIntOperator': destructor was implicitly defined as deleted
X:\DELTA\TestResearch\clang+llvm-18.1.5-x86_64-pc-windows-msvc\clang+llvm-18.1.5-x86_64-pc-windows-msvc\include\llvm\IR\Operator.h(336,7): warning C4624: 'llvm::ConcreteOperator<llvm::Operator,49>': destructor was implicitly defined as deleted
X:\DELTA\TestResearch\clang+llvm-18.1.5-x86_64-pc-windows-msvc\clang+llvm-18.1.5-x86_64-pc-windows-msvc\include\llvm\IR\Operator.h(537,7): warning C4624: 'llvm::BitCastOperator': destructor was implicitly defined as deleted
X:\DELTA\TestResearch\clang+llvm-18.1.5-x86_64-pc-windows-msvc\clang+llvm-18.1.5-x86_64-pc-windows-msvc\include\llvm\IR\Operator.h(336,7): warning C4624: 'llvm::ConcreteOperator<llvm::Operator,50>': destructor was implicitly defined as deleted
X:\DELTA\TestResearch\clang+llvm-18.1.5-x86_64-pc-windows-msvc\clang+llvm-18.1.5-x86_64-pc-windows-msvc\include\llvm\IR\Operator.h(552,7): warning C4624: 'llvm::AddrSpaceCastOperator': destructor was implicitly defined as deleted
  LegacyLowerSwitch.cpp
  Generating Code...
     Creating library X:/DELTA/TestResearch/clang+llvm-18.1.5-x86_64-pc-windows-msvc/ollvm-rust/build/obfuscation/Release/LLVMObfuscationx.lib and object X:/DELTA/TestResearch/clang+llvm-18.1.5-x86_64-pc-windows-msvc/ollvm-rust/build/obfuscation/Release/LLVMObfuscationx.exp
  LLVMObfuscationx.vcxproj -> X:\DELTA\TestResearch\clang+llvm-18.1.5-x86_64-pc-windows-msvc\ollvm-rust\build\obfuscation\Release\LLVMObfuscationx.dll
